<?xml version="1.0" encoding="UTF-8"?>
<!-- Generated by org.testng.reporters.JUnitReportReporter -->
<testsuite hostname="LAPTOP-S9DND4DE" failures="0" tests="4" name="api.tests.UserTests" time="8.981" errors="0" timestamp="2024-07-29T17:31:29 IST" skipped="0">
  <testcase classname="api.tests.UserTests" name="testPostUser" time="4.084"/>
  <testcase classname="api.tests.UserTests" name="testGetUserByName" time="1.271"/>
  <testcase classname="api.tests.UserTests" name="testUpdateUserByName" time="2.427"/>
  <testcase classname="api.tests.UserTests" name="testDeleteUserByName" time="1.199"/>
</testsuite> <!-- api.tests.UserTests -->
