<?xml version="1.0" encoding="UTF-8"?>
<!-- Generated by org.testng.reporters.JUnitReportReporter -->
<testsuite hostname="LAPTOP-S9DND4DE" failures="0" tests="4" name="api.tests.UserTests" time="11.015" errors="0" timestamp="2024-07-29T20:27:00 IST" skipped="0">
  <testcase classname="api.tests.UserTests" name="testPostUser" time="4.378"/>
  <testcase classname="api.tests.UserTests" name="testGetUserByName" time="1.630"/>
  <testcase classname="api.tests.UserTests" name="testUpdateUserByName" time="3.370"/>
  <testcase classname="api.tests.UserTests" name="testDeleteUserByName" time="1.637"/>
</testsuite> <!-- api.tests.UserTests -->
